{"numTotalTestSuites":2,"numPassedTestSuites":0,"numFailedTestSuites":2,"numPendingTestSuites":0,"numTotalTests":3,"numPassedTests":1,"numFailedTests":2,"numPendingTests":0,"numTodoTests":0,"snapshot":{"added":0,"failure":false,"filesAdded":0,"filesRemoved":0,"filesRemovedList":[],"filesUnmatched":0,"filesUpdated":0,"matched":0,"total":0,"unchecked":0,"uncheckedKeysByFile":[],"unmatched":0,"updated":0,"didUpdate":false},"startTime":1764586371520,"success":false,"testResults":[{"assertionResults":[{"ancestorTitles":["FinishSignUp Component"],"fullName":"FinishSignUp Component redirects to home if no email in localStorage","status":"passed","title":"redirects to home if no email in localStorage","duration":25.961900000000128,"failureMessages":[],"meta":{}},{"ancestorTitles":["FinishSignUp Component"],"fullName":"FinishSignUp Component calls signInWithEmailLink when email exists","status":"failed","title":"calls signInWithEmailLink when email exists","duration":1020.8399,"failureMessages":["AssertionError: expected \"vi.fn()\" to be called with arguments: [ 'test@example.com', â€¦(1) ]\u001b[90m\n\nNumber of calls: \u001b[1m0\u001b[22m\n\u001b[39m\n\nIgnored nodes: comments, script, style\n\u001b[36m<html>\u001b[39m\n  \u001b[36m<head />\u001b[39m\n  \u001b[36m<body>\u001b[39m\n    \u001b[36m<div>\u001b[39m\n      \u001b[36m<div\u001b[39m\n        \u001b[33mclass\u001b[39m=\u001b[32m\"min-h-screen flex flex-col items-center justify-center bg-bg gap-6\"\u001b[39m\n      \u001b[36m>\u001b[39m\n        \u001b[36m<div\u001b[39m\n          \u001b[33mdata-testid\u001b[39m=\u001b[32m\"loader\"\u001b[39m\n        \u001b[36m>\u001b[39m\n          \u001b[0mLoader\u001b[0m\n        \u001b[36m</div>\u001b[39m\n        \u001b[36m<div\u001b[39m\n          \u001b[33mclass\u001b[39m=\u001b[32m\"flex flex-col items-center gap-2\"\u001b[39m\n        \u001b[36m>\u001b[39m\n          \u001b[36m<h2\u001b[39m\n            \u001b[33mclass\u001b[39m=\u001b[32m\"text-xl font-semibold text-text\"\u001b[39m\n          \u001b[36m>\u001b[39m\n            \u001b[0mWelcome to West Wind\u001b[0m\n          \u001b[36m</h2>\u001b[39m\n          \u001b[36m<p\u001b[39m\n            \u001b[33mclass\u001b[39m=\u001b[32m\"text-text-secondary font-medium animate-pulse\"\u001b[39m\n          \u001b[36m>\u001b[39m\n            \u001b[0mSigning you in...\u001b[0m\n          \u001b[36m</p>\u001b[39m\n        \u001b[36m</div>\u001b[39m\n      \u001b[36m</div>\u001b[39m\n    \u001b[36m</div>\u001b[39m\n  \u001b[36m</body>\u001b[39m\n\u001b[36m</html>\u001b[39m\n    at Proxy.<anonymous> (file:///C:/Users/Jordan/.gemini/antigravity/scratch/west-wind/node_modules/@vitest/expect/dist/index.js:1420:10)\n    at Proxy.<anonymous> (file:///C:/Users/Jordan/.gemini/antigravity/scratch/west-wind/node_modules/@vitest/expect/dist/index.js:1090:14)\n    at Proxy.methodWrapper (file:///C:/Users/Jordan/.gemini/antigravity/scratch/west-wind/node_modules/chai/index.js:1700:25)\n    at C:/Users/Jordan/.gemini/antigravity/scratch/west-wind/src/pages/__tests__/FinishSignUp.test.tsx:107:47\n    at runWithExpensiveErrorDiagnosticsDisabled (C:\\Users\\Jordan\\.gemini\\antigravity\\scratch\\west-wind\\node_modules\\@testing-library\\dom\\dist\\config.js:47:12)\n    at checkCallback (C:\\Users\\Jordan\\.gemini\\antigravity\\scratch\\west-wind\\node_modules\\@testing-library\\dom\\dist\\wait-for.js:124:77)\n    at Timeout.checkRealTimersCallback (C:\\Users\\Jordan\\.gemini\\antigravity\\scratch\\west-wind\\node_modules\\@testing-library\\dom\\dist\\wait-for.js:118:16)\n    at listOnTimeout (node:internal/timers:588:17)\n    at processTimers (node:internal/timers:523:7)"],"meta":{}},{"ancestorTitles":["FinishSignUp Component"],"fullName":"FinishSignUp Component handles pending registration data correctly","status":"failed","title":"handles pending registration data correctly","duration":1017.3132,"failureMessages":["AssertionError: expected \"vi.fn()\" to be called at least once\n\nIgnored nodes: comments, script, style\n\u001b[36m<html>\u001b[39m\n  \u001b[36m<head />\u001b[39m\n  \u001b[36m<body>\u001b[39m\n    \u001b[36m<div>\u001b[39m\n      \u001b[36m<div\u001b[39m\n        \u001b[33mclass\u001b[39m=\u001b[32m\"min-h-screen flex flex-col items-center justify-center bg-bg gap-6\"\u001b[39m\n      \u001b[36m>\u001b[39m\n        \u001b[36m<div\u001b[39m\n          \u001b[33mdata-testid\u001b[39m=\u001b[32m\"loader\"\u001b[39m\n        \u001b[36m>\u001b[39m\n          \u001b[0mLoader\u001b[0m\n        \u001b[36m</div>\u001b[39m\n        \u001b[36m<div\u001b[39m\n          \u001b[33mclass\u001b[39m=\u001b[32m\"flex flex-col items-center gap-2\"\u001b[39m\n        \u001b[36m>\u001b[39m\n          \u001b[36m<h2\u001b[39m\n            \u001b[33mclass\u001b[39m=\u001b[32m\"text-xl font-semibold text-text\"\u001b[39m\n          \u001b[36m>\u001b[39m\n            \u001b[0mWelcome to West Wind\u001b[0m\n          \u001b[36m</h2>\u001b[39m\n          \u001b[36m<p\u001b[39m\n            \u001b[33mclass\u001b[39m=\u001b[32m\"text-text-secondary font-medium animate-pulse\"\u001b[39m\n          \u001b[36m>\u001b[39m\n            \u001b[0mSetting up your profile...\u001b[0m\n          \u001b[36m</p>\u001b[39m\n        \u001b[36m</div>\u001b[39m\n      \u001b[36m</div>\u001b[39m\n    \u001b[36m</div>\u001b[39m\n  \u001b[36m</body>\u001b[39m\n\u001b[36m</html>\u001b[39m\n    at Proxy.<anonymous> (file:///C:/Users/Jordan/.gemini/antigravity/scratch/west-wind/node_modules/@vitest/expect/dist/index.js:1400:10)\n    at Proxy.<anonymous> (file:///C:/Users/Jordan/.gemini/antigravity/scratch/west-wind/node_modules/@vitest/expect/dist/index.js:1090:14)\n    at Proxy.methodWrapper (file:///C:/Users/Jordan/.gemini/antigravity/scratch/west-wind/node_modules/chai/index.js:1700:25)\n    at C:/Users/Jordan/.gemini/antigravity/scratch/west-wind/src/pages/__tests__/FinishSignUp.test.tsx:126:47\n    at runWithExpensiveErrorDiagnosticsDisabled (C:\\Users\\Jordan\\.gemini\\antigravity\\scratch\\west-wind\\node_modules\\@testing-library\\dom\\dist\\config.js:47:12)\n    at checkCallback (C:\\Users\\Jordan\\.gemini\\antigravity\\scratch\\west-wind\\node_modules\\@testing-library\\dom\\dist\\wait-for.js:124:77)\n    at Timeout.checkRealTimersCallback (C:\\Users\\Jordan\\.gemini\\antigravity\\scratch\\west-wind\\node_modules\\@testing-library\\dom\\dist\\wait-for.js:118:16)\n    at listOnTimeout (node:internal/timers:588:17)\n    at processTimers (node:internal/timers:523:7)"],"meta":{}}],"startTime":1764586372873,"endTime":1764586374937.3132,"status":"failed","message":"","name":"C:/Users/Jordan/.gemini/antigravity/scratch/west-wind/src/pages/__tests__/FinishSignUp.test.tsx"}]}